2024-12-04 10:42:20,716 - INFO - Starting repository initialization.
2024-12-04 10:42:20,717 - INFO - Created main repository directory: .myscs
2024-12-04 10:42:20,721 - INFO - Created subdirectories: objects, refs/heads
2024-12-04 10:42:20,724 - INFO - HEAD file created and initialized.
2024-12-04 10:42:20,725 - INFO - Config file created with default settings.
2024-12-04 10:42:20,725 - INFO - Index file created successfully.
2024-12-04 10:42:20,727 - INFO - Repository initialization completed successfully.
2024-12-04 10:51:37,570 - INFO - Starting repository initialization.
2024-12-04 10:51:37,570 - INFO - Created main repository directory: .myscs
2024-12-04 10:51:37,572 - INFO - Created subdirectories: objects, refs/heads
2024-12-04 10:51:37,575 - INFO - HEAD file created and initialized.
2024-12-04 10:51:37,576 - INFO - Config file created with default settings.
2024-12-04 10:51:37,595 - INFO - Index file created successfully.
2024-12-04 10:51:37,596 - INFO - Repository initialization completed successfully.
2024-12-04 10:59:47,725 - INFO - File text.txt added to the index with hash e98d7838c80fb4c0d75b199cd6f7a3a6d85fd23f.
2024-12-04 11:00:30,702 - WARNING - File text2.txt not found.
2024-12-04 11:01:56,582 - INFO - File test2.txt added to the index with hash 913093335f940b8b9125293faa41d58fc4eb8e4d.
2024-12-04 11:06:05,656 - INFO - File data.json added to the index with hash 6418064de426ecf8f0e508c751e60a0079ba044d.
2024-12-04 11:12:08,256 - INFO - File gitimagetest.png added to the index with hash d808f64126eeabcfbc53bc8bc5d2eb35c4c31b53.
2024-12-04 11:15:14,960 - INFO - File binary.bin added to the index with hash 306a747e80553df819153778f8a051356ef95276.
2024-12-04 11:16:56,860 - INFO - File binary.bin added to the index with hash c5391e308af25b42d5934d6a201a34e898d255c6.
2024-12-04 11:21:42,006 - INFO - File binary.bin added to the index with hash 306a747e80553df819153778f8a051356ef95276.
2024-12-04 11:21:42,097 - INFO - File data.json added to the index with hash e735dd8e68d8938109f02c383cc9d056c942a514.
2024-12-04 11:21:42,283 - INFO - File text.txt added to the index with hash ee8b4d7e33407eebf9523dd0bf3a9777f29da966.
2024-12-04 11:35:09,391 - INFO - File binary.bin added to the index with hash 306a747e80553df819153778f8a051356ef95276.
2024-12-04 11:35:09,580 - INFO - File data.json added to the index with hash e735dd8e68d8938109f02c383cc9d056c942a514.
2024-12-04 11:35:09,588 - INFO - File text.txt added to the index with hash ee8b4d7e33407eebf9523dd0bf3a9777f29da966.
2024-12-04 11:47:05,696 - INFO - Starting repository initialization.
2024-12-04 11:47:05,696 - WARNING - Repository already exists in the current directory.
2024-12-04 11:47:15,519 - WARNING - File text.txt not found.
2024-12-04 11:47:49,781 - INFO - File text.txt added to the index with hash da39a3ee5e6b4b0d3255bfef95601890afd80709.
2024-12-04 11:48:04,129 - INFO - Commit object created with hash 6b512741f4eb9e071185a68053fe1121b6d426dd
2024-12-04 11:48:04,130 - INFO - HEAD updated to new commit.
2024-12-04 11:48:04,131 - INFO - Commit completed successfully.
2024-12-04 11:51:53,337 - INFO - File gitimagetest.png added to the index with hash d808f64126eeabcfbc53bc8bc5d2eb35c4c31b53.
2024-12-04 11:52:10,912 - INFO - Commit object created with hash b6e016c4f1ec5ce5d3128b37a24e7b98ec1ece2a
2024-12-04 11:52:10,913 - INFO - HEAD updated to new commit.
2024-12-04 11:52:10,913 - INFO - Commit completed successfully.
